INFO 2022-01-07 22:36:45,406 Watching for file changes with StatReloader
INFO 2022-01-07 22:36:51,220 "GET / HTTP/1.1" 302 0
INFO 2022-01-07 22:36:51,268 "GET /accounts/login/?next=/ HTTP/1.1" 200 3981
INFO 2022-01-07 22:36:51,300 "GET /static/plugins/fontawesome-free/css/all.min.css HTTP/1.1" 200 58582
INFO 2022-01-07 22:36:51,301 "GET /static/plugins/toastr/toastr.min.css HTTP/1.1" 200 6454
INFO 2022-01-07 22:36:51,307 "GET /static/dist/img/login.png HTTP/1.1" 200 144918
INFO 2022-01-07 22:36:51,311 "GET /static/dist/css/login-page.css HTTP/1.1" 200 9064
INFO 2022-01-07 22:36:51,313 "GET /static/plugins/overlayScrollbars/css/OverlayScrollbars.min.css HTTP/1.1" 200 19736
INFO 2022-01-07 22:36:51,320 "GET /static/dist/css/adminlte.min.css HTTP/1.1" 200 686718
INFO 2022-01-07 22:36:51,325 "GET /static/dist/js/jquery.formset.js HTTP/1.1" 200 13881
INFO 2022-01-07 22:36:51,341 "GET /static/plugins/toastr/toastr.min.js HTTP/1.1" 200 5253
INFO 2022-01-07 22:36:51,342 "GET /static/dist/js/demo.js HTTP/1.1" 200 13042
INFO 2022-01-07 22:36:51,348 "GET /static/dist/js/adminlte.js HTTP/1.1" 200 59416
INFO 2022-01-07 22:36:51,353 "GET /static/plugins/overlayScrollbars/js/jquery.overlayScrollbars.min.js HTTP/1.1" 200 42395
INFO 2022-01-07 22:36:51,355 "GET /static/plugins/jquery/jquery.min.js HTTP/1.1" 200 88147
INFO 2022-01-07 22:36:51,359 "GET /static/plugins/bootstrap/js/bootstrap.bundle.min.js HTTP/1.1" 200 80704
WARNING 2022-01-07 22:36:51,412 Not Found: /favicon.ico
WARNING 2022-01-07 22:36:51,412 "GET /favicon.ico HTTP/1.1" 404 6202
INFO 2022-01-07 22:36:51,909 "GET /accounts/login/?next=/ HTTP/1.1" 200 3981
INFO 2022-01-07 22:36:52,274 "GET /static/plugins/fontawesome-free/webfonts/fa-solid-900.woff2 HTTP/1.1" 200 79444
INFO 2022-01-07 22:36:56,990 "POST /accounts/login/ HTTP/1.1" 302 0
INFO 2022-01-07 22:36:57,139 "GET / HTTP/1.1" 200 9290
INFO 2022-01-07 22:36:57,174 "GET /static/plugins/Datatables/datatables.min.css HTTP/1.1" 200 25807
INFO 2022-01-07 22:36:57,258 "GET /static/plugins/fontawesome-free/webfonts/fa-regular-400.woff2 HTTP/1.1" 200 13584
INFO 2022-01-07 22:36:57,424 "GET /static/plugins/Datatables/datatables.min.js HTTP/1.1" 200 2042927
INFO 2022-01-07 22:37:33,523 "GET /site-config HTTP/1.1" 200 10862
INFO 2022-01-07 22:37:33,559 "GET /static/plugins/fontawesome-free/css/all.min.css HTTP/1.1" 304 0
INFO 2022-01-07 22:37:33,560 "GET /static/plugins/toastr/toastr.min.css HTTP/1.1" 304 0
INFO 2022-01-07 22:37:33,565 "GET /static/plugins/jquery/jquery.min.js HTTP/1.1" 304 0
INFO 2022-01-07 22:37:33,565 "GET /static/dist/js/jquery.formset.js HTTP/1.1" 304 0
INFO 2022-01-07 22:37:33,565 "GET /static/plugins/bootstrap/js/bootstrap.bundle.min.js HTTP/1.1" 304 0
INFO 2022-01-07 22:37:33,566 "GET /static/plugins/Datatables/datatables.min.css HTTP/1.1" 304 0
INFO 2022-01-07 22:37:33,566 "GET /static/dist/css/adminlte.min.css HTTP/1.1" 304 0
INFO 2022-01-07 22:37:33,566 "GET /static/plugins/overlayScrollbars/css/OverlayScrollbars.min.css HTTP/1.1" 304 0
INFO 2022-01-07 22:37:33,571 "GET /static/plugins/toastr/toastr.min.js HTTP/1.1" 304 0
INFO 2022-01-07 22:37:33,572 "GET /static/dist/js/demo.js HTTP/1.1" 304 0
INFO 2022-01-07 22:37:33,572 "GET /static/plugins/Datatables/datatables.min.js HTTP/1.1" 304 0
INFO 2022-01-07 22:37:33,572 "GET /static/dist/js/adminlte.js HTTP/1.1" 304 0
INFO 2022-01-07 22:37:33,572 "GET /static/plugins/overlayScrollbars/js/jquery.overlayScrollbars.min.js HTTP/1.1" 304 0
INFO 2022-01-07 22:38:55,851 "POST /site-config HTTP/1.1" 200 10914
INFO 2022-01-07 22:38:55,884 "GET /static/plugins/fontawesome-free/css/all.min.css HTTP/1.1" 304 0
INFO 2022-01-07 22:38:55,893 "GET /static/dist/js/jquery.formset.js HTTP/1.1" 304 0
INFO 2022-01-07 22:38:55,894 "GET /static/plugins/overlayScrollbars/css/OverlayScrollbars.min.css HTTP/1.1" 304 0
INFO 2022-01-07 22:38:55,895 "GET /static/plugins/jquery/jquery.min.js HTTP/1.1" 304 0
INFO 2022-01-07 22:38:55,895 "GET /static/plugins/Datatables/datatables.min.css HTTP/1.1" 304 0
INFO 2022-01-07 22:38:55,896 "GET /static/plugins/toastr/toastr.min.css HTTP/1.1" 304 0
INFO 2022-01-07 22:38:55,896 "GET /static/dist/css/adminlte.min.css HTTP/1.1" 304 0
INFO 2022-01-07 22:38:55,896 "GET /static/plugins/bootstrap/js/bootstrap.bundle.min.js HTTP/1.1" 304 0
INFO 2022-01-07 22:38:55,899 "GET /static/plugins/toastr/toastr.min.js HTTP/1.1" 304 0
INFO 2022-01-07 22:38:55,900 "GET /static/plugins/overlayScrollbars/js/jquery.overlayScrollbars.min.js HTTP/1.1" 304 0
INFO 2022-01-07 22:38:55,900 "GET /static/dist/js/adminlte.js HTTP/1.1" 304 0
INFO 2022-01-07 22:38:55,901 "GET /static/dist/js/demo.js HTTP/1.1" 304 0
INFO 2022-01-07 22:38:55,901 "GET /static/plugins/Datatables/datatables.min.js HTTP/1.1" 304 0
INFO 2022-01-07 22:38:55,968 "GET /static/plugins/fontawesome-free/webfonts/fa-regular-400.woff2 HTTP/1.1" 304 0
INFO 2022-01-07 22:38:55,968 "GET /static/plugins/fontawesome-free/webfonts/fa-solid-900.woff2 HTTP/1.1" 304 0
INFO 2022-01-07 22:39:00,000 "GET /session/list/ HTTP/1.1" 200 11598
INFO 2022-01-07 22:39:05,317 "GET /session/list/ HTTP/1.1" 200 11598
INFO 2022-01-07 22:39:08,025 "GET /term/list/ HTTP/1.1" 200 12231
INFO 2022-01-07 22:39:17,460 "GET /class/list/ HTTP/1.1" 200 11410
INFO 2022-01-07 22:39:21,176 "GET /result/create/ HTTP/1.1" 200 10386
INFO 2022-01-07 22:39:22,784 "GET /result/edit-results/ HTTP/1.1" 200 10104
INFO 2022-01-07 22:39:24,143 "GET /result/view/all HTTP/1.1" 200 8834
INFO 2022-01-07 22:39:25,534 "GET /result/create/ HTTP/1.1" 200 10386
INFO 2022-01-07 22:39:27,159 "POST /result/create/ HTTP/1.1" 200 10530
INFO 2022-01-07 22:39:31,185 "GET /student/list HTTP/1.1" 200 9946
INFO 2022-01-07 22:39:34,601 "GET /staff/list/ HTTP/1.1" 200 9687
INFO 2022-01-07 22:39:37,434 "GET /student/list HTTP/1.1" 200 9946
INFO 2022-01-07 22:39:40,527 "GET /site-config HTTP/1.1" 200 10862
INFO 2022-01-07 22:39:40,556 "GET /static/plugins/fontawesome-free/css/all.min.css HTTP/1.1" 304 0
INFO 2022-01-07 22:39:40,562 "GET /static/plugins/overlayScrollbars/css/OverlayScrollbars.min.css HTTP/1.1" 304 0
INFO 2022-01-07 22:39:40,563 "GET /static/plugins/toastr/toastr.min.css HTTP/1.1" 304 0
INFO 2022-01-07 22:39:40,567 "GET /static/plugins/Datatables/datatables.min.css HTTP/1.1" 304 0
INFO 2022-01-07 22:39:40,569 "GET /static/dist/css/adminlte.min.css HTTP/1.1" 304 0
INFO 2022-01-07 22:39:40,570 "GET /static/plugins/bootstrap/js/bootstrap.bundle.min.js HTTP/1.1" 304 0
INFO 2022-01-07 22:39:40,570 "GET /static/plugins/toastr/toastr.min.js HTTP/1.1" 304 0
INFO 2022-01-07 22:39:40,570 "GET /static/plugins/jquery/jquery.min.js HTTP/1.1" 304 0
INFO 2022-01-07 22:39:40,571 "GET /static/plugins/overlayScrollbars/js/jquery.overlayScrollbars.min.js HTTP/1.1" 304 0
INFO 2022-01-07 22:39:40,572 "GET /static/dist/js/jquery.formset.js HTTP/1.1" 304 0
INFO 2022-01-07 22:39:40,573 "GET /static/dist/js/adminlte.js HTTP/1.1" 304 0
INFO 2022-01-07 22:39:40,573 "GET /static/dist/js/demo.js HTTP/1.1" 304 0
INFO 2022-01-07 22:39:40,574 "GET /static/plugins/Datatables/datatables.min.js HTTP/1.1" 304 0
INFO 2022-01-07 22:39:58,385 "POST /site-config HTTP/1.1" 200 10884
INFO 2022-01-07 22:40:01,819 "POST /site-config HTTP/1.1" 200 10883
INFO 2022-01-07 22:40:03,260 "POST /site-config HTTP/1.1" 200 10883
INFO 2022-01-07 22:40:04,944 "GET / HTTP/1.1" 200 9290
INFO 2022-01-07 22:40:06,827 "GET /site-config HTTP/1.1" 200 10862
WARNING 2022-01-07 22:44:11,699 The request's session was deleted before the request completed. The user may have logged out in a concurrent request, for example.: /site-config
Traceback (most recent call last):
  File "C:\Users\msi\AppData\Roaming\Python\Python38\site-packages\django\db\backends\utils.py", line 84, in _execute
    return self.cursor.execute(sql, params)
  File "C:\Users\msi\AppData\Roaming\Python\Python38\site-packages\django\db\backends\sqlite3\base.py", line 423, in execute
    return Database.Cursor.execute(self, query, params)
sqlite3.OperationalError: database is locked

The above exception was the direct cause of the following exception:

Traceback (most recent call last):
  File "C:\Users\msi\AppData\Roaming\Python\Python38\site-packages\django\contrib\sessions\backends\db.py", line 87, in save
    obj.save(force_insert=must_create, force_update=not must_create, using=using)
  File "C:\Users\msi\AppData\Roaming\Python\Python38\site-packages\django\db\models\base.py", line 726, in save
    self.save_base(using=using, force_insert=force_insert,
  File "C:\Users\msi\AppData\Roaming\Python\Python38\site-packages\django\db\models\base.py", line 763, in save_base
    updated = self._save_table(
  File "C:\Users\msi\AppData\Roaming\Python\Python38\site-packages\django\db\models\base.py", line 845, in _save_table
    updated = self._do_update(base_qs, using, pk_val, values, update_fields,
  File "C:\Users\msi\AppData\Roaming\Python\Python38\site-packages\django\db\models\base.py", line 899, in _do_update
    return filtered._update(values) > 0
  File "C:\Users\msi\AppData\Roaming\Python\Python38\site-packages\django\db\models\query.py", line 802, in _update
    return query.get_compiler(self.db).execute_sql(CURSOR)
  File "C:\Users\msi\AppData\Roaming\Python\Python38\site-packages\django\db\models\sql\compiler.py", line 1559, in execute_sql
    cursor = super().execute_sql(result_type)
  File "C:\Users\msi\AppData\Roaming\Python\Python38\site-packages\django\db\models\sql\compiler.py", line 1175, in execute_sql
    cursor.execute(sql, params)
  File "C:\Users\msi\AppData\Roaming\Python\Python38\site-packages\django\db\backends\utils.py", line 98, in execute
    return super().execute(sql, params)
  File "C:\Users\msi\AppData\Roaming\Python\Python38\site-packages\django\db\backends\utils.py", line 66, in execute
    return self._execute_with_wrappers(sql, params, many=False, executor=self._execute)
  File "C:\Users\msi\AppData\Roaming\Python\Python38\site-packages\django\db\backends\utils.py", line 75, in _execute_with_wrappers
    return executor(sql, params, many, context)
  File "C:\Users\msi\AppData\Roaming\Python\Python38\site-packages\django\db\backends\utils.py", line 84, in _execute
    return self.cursor.execute(sql, params)
  File "C:\Users\msi\AppData\Roaming\Python\Python38\site-packages\django\db\utils.py", line 90, in __exit__
    raise dj_exc_value.with_traceback(traceback) from exc_value
  File "C:\Users\msi\AppData\Roaming\Python\Python38\site-packages\django\db\backends\utils.py", line 84, in _execute
    return self.cursor.execute(sql, params)
  File "C:\Users\msi\AppData\Roaming\Python\Python38\site-packages\django\db\backends\sqlite3\base.py", line 423, in execute
    return Database.Cursor.execute(self, query, params)
django.db.utils.OperationalError: database is locked

During handling of the above exception, another exception occurred:

Traceback (most recent call last):
  File "C:\Users\msi\AppData\Roaming\Python\Python38\site-packages\django\contrib\sessions\middleware.py", line 61, in process_response
    request.session.save()
  File "C:\Users\msi\AppData\Roaming\Python\Python38\site-packages\django\contrib\sessions\backends\db.py", line 94, in save
    raise UpdateError
django.contrib.sessions.backends.base.UpdateError

During handling of the above exception, another exception occurred:

Traceback (most recent call last):
  File "C:\Users\msi\AppData\Roaming\Python\Python38\site-packages\django\core\handlers\exception.py", line 47, in inner
    response = get_response(request)
  File "C:\Users\msi\AppData\Roaming\Python\Python38\site-packages\django\utils\deprecation.py", line 119, in __call__
    response = self.process_response(request, response)
  File "C:\Users\msi\AppData\Roaming\Python\Python38\site-packages\django\contrib\sessions\middleware.py", line 63, in process_response
    raise SessionInterrupted(
django.contrib.sessions.exceptions.SessionInterrupted: The request's session was deleted before the request completed. The user may have logged out in a concurrent request, for example.
WARNING 2022-01-07 22:44:11,702 "GET /site-config HTTP/1.1" 400 170832
WARNING 2022-01-07 22:44:32,213 The request's session was deleted before the request completed. The user may have logged out in a concurrent request, for example.: /
Traceback (most recent call last):
  File "C:\Users\msi\AppData\Roaming\Python\Python38\site-packages\django\db\backends\utils.py", line 84, in _execute
    return self.cursor.execute(sql, params)
  File "C:\Users\msi\AppData\Roaming\Python\Python38\site-packages\django\db\backends\sqlite3\base.py", line 423, in execute
    return Database.Cursor.execute(self, query, params)
sqlite3.OperationalError: database is locked

The above exception was the direct cause of the following exception:

Traceback (most recent call last):
  File "C:\Users\msi\AppData\Roaming\Python\Python38\site-packages\django\contrib\sessions\backends\db.py", line 87, in save
    obj.save(force_insert=must_create, force_update=not must_create, using=using)
  File "C:\Users\msi\AppData\Roaming\Python\Python38\site-packages\django\db\models\base.py", line 726, in save
    self.save_base(using=using, force_insert=force_insert,
  File "C:\Users\msi\AppData\Roaming\Python\Python38\site-packages\django\db\models\base.py", line 763, in save_base
    updated = self._save_table(
  File "C:\Users\msi\AppData\Roaming\Python\Python38\site-packages\django\db\models\base.py", line 845, in _save_table
    updated = self._do_update(base_qs, using, pk_val, values, update_fields,
  File "C:\Users\msi\AppData\Roaming\Python\Python38\site-packages\django\db\models\base.py", line 899, in _do_update
    return filtered._update(values) > 0
  File "C:\Users\msi\AppData\Roaming\Python\Python38\site-packages\django\db\models\query.py", line 802, in _update
    return query.get_compiler(self.db).execute_sql(CURSOR)
  File "C:\Users\msi\AppData\Roaming\Python\Python38\site-packages\django\db\models\sql\compiler.py", line 1559, in execute_sql
    cursor = super().execute_sql(result_type)
  File "C:\Users\msi\AppData\Roaming\Python\Python38\site-packages\django\db\models\sql\compiler.py", line 1175, in execute_sql
    cursor.execute(sql, params)
  File "C:\Users\msi\AppData\Roaming\Python\Python38\site-packages\django\db\backends\utils.py", line 98, in execute
    return super().execute(sql, params)
  File "C:\Users\msi\AppData\Roaming\Python\Python38\site-packages\django\db\backends\utils.py", line 66, in execute
    return self._execute_with_wrappers(sql, params, many=False, executor=self._execute)
  File "C:\Users\msi\AppData\Roaming\Python\Python38\site-packages\django\db\backends\utils.py", line 75, in _execute_with_wrappers
    return executor(sql, params, many, context)
  File "C:\Users\msi\AppData\Roaming\Python\Python38\site-packages\django\db\backends\utils.py", line 84, in _execute
    return self.cursor.execute(sql, params)
  File "C:\Users\msi\AppData\Roaming\Python\Python38\site-packages\django\db\utils.py", line 90, in __exit__
    raise dj_exc_value.with_traceback(traceback) from exc_value
  File "C:\Users\msi\AppData\Roaming\Python\Python38\site-packages\django\db\backends\utils.py", line 84, in _execute
    return self.cursor.execute(sql, params)
  File "C:\Users\msi\AppData\Roaming\Python\Python38\site-packages\django\db\backends\sqlite3\base.py", line 423, in execute
    return Database.Cursor.execute(self, query, params)
django.db.utils.OperationalError: database is locked

During handling of the above exception, another exception occurred:

Traceback (most recent call last):
  File "C:\Users\msi\AppData\Roaming\Python\Python38\site-packages\django\contrib\sessions\middleware.py", line 61, in process_response
    request.session.save()
  File "C:\Users\msi\AppData\Roaming\Python\Python38\site-packages\django\contrib\sessions\backends\db.py", line 94, in save
    raise UpdateError
django.contrib.sessions.backends.base.UpdateError

During handling of the above exception, another exception occurred:

Traceback (most recent call last):
  File "C:\Users\msi\AppData\Roaming\Python\Python38\site-packages\django\core\handlers\exception.py", line 47, in inner
    response = get_response(request)
  File "C:\Users\msi\AppData\Roaming\Python\Python38\site-packages\django\utils\deprecation.py", line 119, in __call__
    response = self.process_response(request, response)
  File "C:\Users\msi\AppData\Roaming\Python\Python38\site-packages\django\contrib\sessions\middleware.py", line 63, in process_response
    raise SessionInterrupted(
django.contrib.sessions.exceptions.SessionInterrupted: The request's session was deleted before the request completed. The user may have logged out in a concurrent request, for example.
WARNING 2022-01-07 22:44:32,214 "GET / HTTP/1.1" 400 170320
INFO 2022-01-07 22:45:16,018 Watching for file changes with StatReloader
WARNING 2022-01-07 22:45:25,273 The request's session was deleted before the request completed. The user may have logged out in a concurrent request, for example.: /
Traceback (most recent call last):
  File "C:\Users\msi\AppData\Roaming\Python\Python38\site-packages\django\db\backends\utils.py", line 84, in _execute
    return self.cursor.execute(sql, params)
  File "C:\Users\msi\AppData\Roaming\Python\Python38\site-packages\django\db\backends\sqlite3\base.py", line 423, in execute
    return Database.Cursor.execute(self, query, params)
sqlite3.OperationalError: database is locked

The above exception was the direct cause of the following exception:

Traceback (most recent call last):
  File "C:\Users\msi\AppData\Roaming\Python\Python38\site-packages\django\contrib\sessions\backends\db.py", line 87, in save
    obj.save(force_insert=must_create, force_update=not must_create, using=using)
  File "C:\Users\msi\AppData\Roaming\Python\Python38\site-packages\django\db\models\base.py", line 726, in save
    self.save_base(using=using, force_insert=force_insert,
  File "C:\Users\msi\AppData\Roaming\Python\Python38\site-packages\django\db\models\base.py", line 763, in save_base
    updated = self._save_table(
  File "C:\Users\msi\AppData\Roaming\Python\Python38\site-packages\django\db\models\base.py", line 845, in _save_table
    updated = self._do_update(base_qs, using, pk_val, values, update_fields,
  File "C:\Users\msi\AppData\Roaming\Python\Python38\site-packages\django\db\models\base.py", line 899, in _do_update
    return filtered._update(values) > 0
  File "C:\Users\msi\AppData\Roaming\Python\Python38\site-packages\django\db\models\query.py", line 802, in _update
    return query.get_compiler(self.db).execute_sql(CURSOR)
  File "C:\Users\msi\AppData\Roaming\Python\Python38\site-packages\django\db\models\sql\compiler.py", line 1559, in execute_sql
    cursor = super().execute_sql(result_type)
  File "C:\Users\msi\AppData\Roaming\Python\Python38\site-packages\django\db\models\sql\compiler.py", line 1175, in execute_sql
    cursor.execute(sql, params)
  File "C:\Users\msi\AppData\Roaming\Python\Python38\site-packages\django\db\backends\utils.py", line 98, in execute
    return super().execute(sql, params)
  File "C:\Users\msi\AppData\Roaming\Python\Python38\site-packages\django\db\backends\utils.py", line 66, in execute
    return self._execute_with_wrappers(sql, params, many=False, executor=self._execute)
  File "C:\Users\msi\AppData\Roaming\Python\Python38\site-packages\django\db\backends\utils.py", line 75, in _execute_with_wrappers
    return executor(sql, params, many, context)
  File "C:\Users\msi\AppData\Roaming\Python\Python38\site-packages\django\db\backends\utils.py", line 84, in _execute
    return self.cursor.execute(sql, params)
  File "C:\Users\msi\AppData\Roaming\Python\Python38\site-packages\django\db\utils.py", line 90, in __exit__
    raise dj_exc_value.with_traceback(traceback) from exc_value
  File "C:\Users\msi\AppData\Roaming\Python\Python38\site-packages\django\db\backends\utils.py", line 84, in _execute
    return self.cursor.execute(sql, params)
  File "C:\Users\msi\AppData\Roaming\Python\Python38\site-packages\django\db\backends\sqlite3\base.py", line 423, in execute
    return Database.Cursor.execute(self, query, params)
django.db.utils.OperationalError: database is locked

During handling of the above exception, another exception occurred:

Traceback (most recent call last):
  File "C:\Users\msi\AppData\Roaming\Python\Python38\site-packages\django\contrib\sessions\middleware.py", line 61, in process_response
    request.session.save()
  File "C:\Users\msi\AppData\Roaming\Python\Python38\site-packages\django\contrib\sessions\backends\db.py", line 94, in save
    raise UpdateError
django.contrib.sessions.backends.base.UpdateError

During handling of the above exception, another exception occurred:

Traceback (most recent call last):
  File "C:\Users\msi\AppData\Roaming\Python\Python38\site-packages\django\core\handlers\exception.py", line 47, in inner
    response = get_response(request)
  File "C:\Users\msi\AppData\Roaming\Python\Python38\site-packages\django\utils\deprecation.py", line 119, in __call__
    response = self.process_response(request, response)
  File "C:\Users\msi\AppData\Roaming\Python\Python38\site-packages\django\contrib\sessions\middleware.py", line 63, in process_response
    raise SessionInterrupted(
django.contrib.sessions.exceptions.SessionInterrupted: The request's session was deleted before the request completed. The user may have logged out in a concurrent request, for example.
WARNING 2022-01-07 22:45:25,276 "GET / HTTP/1.1" 400 170457
INFO 2022-01-07 22:45:54,293 "GET / HTTP/1.1" 200 9298
INFO 2022-01-07 22:45:54,320 "GET /static/plugins/fontawesome-free/css/all.min.css HTTP/1.1" 304 0
INFO 2022-01-07 22:45:54,321 "GET /static/plugins/toastr/toastr.min.css HTTP/1.1" 304 0
INFO 2022-01-07 22:45:54,327 "GET /static/plugins/Datatables/datatables.min.css HTTP/1.1" 304 0
INFO 2022-01-07 22:45:54,327 "GET /static/dist/js/jquery.formset.js HTTP/1.1" 304 0
INFO 2022-01-07 22:45:54,327 "GET /static/dist/css/adminlte.min.css HTTP/1.1" 304 0
INFO 2022-01-07 22:45:54,328 "GET /static/plugins/bootstrap/js/bootstrap.bundle.min.js HTTP/1.1" 304 0
INFO 2022-01-07 22:45:54,328 "GET /static/plugins/jquery/jquery.min.js HTTP/1.1" 304 0
INFO 2022-01-07 22:45:54,328 "GET /static/plugins/overlayScrollbars/css/OverlayScrollbars.min.css HTTP/1.1" 304 0
INFO 2022-01-07 22:45:54,331 "GET /static/plugins/toastr/toastr.min.js HTTP/1.1" 304 0
INFO 2022-01-07 22:45:54,333 "GET /static/plugins/Datatables/datatables.min.js HTTP/1.1" 304 0
INFO 2022-01-07 22:45:54,333 "GET /static/dist/js/adminlte.js HTTP/1.1" 304 0
INFO 2022-01-07 22:45:54,334 "GET /static/dist/js/demo.js HTTP/1.1" 304 0
INFO 2022-01-07 22:45:54,334 "GET /static/plugins/overlayScrollbars/js/jquery.overlayScrollbars.min.js HTTP/1.1" 304 0
INFO 2022-01-07 22:45:54,376 "GET /static/plugins/fontawesome-free/webfonts/fa-regular-400.woff2 HTTP/1.1" 304 0
INFO 2022-01-07 22:45:54,376 "GET /static/plugins/fontawesome-free/webfonts/fa-solid-900.woff2 HTTP/1.1" 304 0
INFO 2022-01-07 22:45:57,552 "GET /site-config HTTP/1.1" 200 10873
INFO 2022-01-07 22:46:02,685 "GET /session/list/ HTTP/1.1" 200 11606
INFO 2022-01-07 22:46:14,111 "POST /session/create/ HTTP/1.1" 302 0
INFO 2022-01-07 22:46:14,236 "GET /session/list/ HTTP/1.1" 200 12094
INFO 2022-01-07 22:46:18,694 "GET /student/list HTTP/1.1" 200 9954
INFO 2022-01-07 22:46:27,103 "GET /accounts/logout/ HTTP/1.1" 302 0
INFO 2022-01-07 22:46:27,117 "GET / HTTP/1.1" 302 0
INFO 2022-01-07 22:46:27,127 "GET /accounts/login/?next=/ HTTP/1.1" 200 3989
INFO 2022-01-07 22:46:27,156 "GET /static/dist/css/login-page.css HTTP/1.1" 304 0
INFO 2022-01-07 22:46:27,159 "GET /static/dist/img/login.png HTTP/1.1" 304 0
INFO 2022-01-07 22:51:05,109 "GET /accounts/login/?next=/ HTTP/1.1" 200 3989
INFO 2022-01-07 22:51:05,134 "GET /static/plugins/fontawesome-free/css/all.min.css HTTP/1.1" 304 0
INFO 2022-01-07 22:51:05,141 "GET /static/plugins/overlayScrollbars/css/OverlayScrollbars.min.css HTTP/1.1" 304 0
INFO 2022-01-07 22:51:05,142 "GET /static/plugins/toastr/toastr.min.css HTTP/1.1" 304 0
INFO 2022-01-07 22:51:05,143 "GET /static/dist/css/adminlte.min.css HTTP/1.1" 304 0
INFO 2022-01-07 22:51:05,144 "GET /static/dist/css/login-page.css HTTP/1.1" 304 0
INFO 2022-01-07 22:51:05,147 "GET /static/plugins/jquery/jquery.min.js HTTP/1.1" 304 0
INFO 2022-01-07 22:51:05,153 "GET /static/plugins/bootstrap/js/bootstrap.bundle.min.js HTTP/1.1" 304 0
INFO 2022-01-07 22:51:05,154 "GET /static/dist/js/jquery.formset.js HTTP/1.1" 304 0
INFO 2022-01-07 22:51:05,154 "GET /static/plugins/toastr/toastr.min.js HTTP/1.1" 304 0
INFO 2022-01-07 22:51:05,155 "GET /static/plugins/overlayScrollbars/js/jquery.overlayScrollbars.min.js HTTP/1.1" 304 0
INFO 2022-01-07 22:51:05,155 "GET /static/dist/js/adminlte.js HTTP/1.1" 304 0
INFO 2022-01-07 22:51:05,157 "GET /static/dist/js/demo.js HTTP/1.1" 304 0
INFO 2022-01-07 22:51:05,158 "GET /static/dist/img/login.png HTTP/1.1" 304 0
INFO 2022-01-07 22:51:05,241 "GET /static/plugins/fontawesome-free/webfonts/fa-solid-900.woff2 HTTP/1.1" 304 0
INFO 2022-01-07 22:51:05,901 "GET /accounts/login/?next=/ HTTP/1.1" 200 3989
INFO 2022-01-07 22:51:06,473 "GET /accounts/login/?next=/ HTTP/1.1" 200 3989
INFO 2022-01-07 22:55:09,674 Watching for file changes with StatReloader
INFO 2022-01-07 22:56:08,897 Watching for file changes with StatReloader
INFO 2022-01-07 22:56:20,757 "GET / HTTP/1.1" 302 0
INFO 2022-01-07 22:56:20,785 "GET /accounts/login/?next=/ HTTP/1.1" 200 3989
INFO 2022-01-07 22:56:20,863 "GET /static/plugins/fontawesome-free/css/all.min.css HTTP/1.1" 200 58582
INFO 2022-01-07 22:56:20,876 "GET /static/plugins/jquery/jquery.min.js HTTP/1.1" 200 88147
INFO 2022-01-07 22:56:20,902 "GET /static/plugins/bootstrap/js/bootstrap.bundle.min.js HTTP/1.1" 200 80704
INFO 2022-01-07 22:56:20,912 "GET /static/dist/js/jquery.formset.js HTTP/1.1" 200 13881
INFO 2022-01-07 22:56:20,930 "GET /static/plugins/toastr/toastr.min.js HTTP/1.1" 200 5253
INFO 2022-01-07 22:56:20,931 "GET /static/plugins/overlayScrollbars/css/OverlayScrollbars.min.css HTTP/1.1" 200 19736
INFO 2022-01-07 22:56:20,939 "GET /static/plugins/toastr/toastr.min.css HTTP/1.1" 200 6454
INFO 2022-01-07 22:56:20,941 "GET /static/dist/js/demo.js HTTP/1.1" 200 13042
INFO 2022-01-07 22:56:20,941 "GET /static/plugins/overlayScrollbars/js/jquery.overlayScrollbars.min.js HTTP/1.1" 200 42395
INFO 2022-01-07 22:56:20,946 "GET /static/dist/css/login-page.css HTTP/1.1" 200 9064
INFO 2022-01-07 22:56:20,957 "GET /static/dist/img/login.png HTTP/1.1" 200 445475
INFO 2022-01-07 22:56:20,966 "GET /static/dist/js/adminlte.js HTTP/1.1" 200 59416
INFO 2022-01-07 22:56:20,974 "GET /static/dist/css/adminlte.min.css HTTP/1.1" 200 686718
INFO 2022-01-07 22:56:21,406 "GET /static/plugins/fontawesome-free/webfonts/fa-solid-900.woff2 HTTP/1.1" 200 79444
INFO 2022-01-07 22:56:37,184 "POST /accounts/login/ HTTP/1.1" 302 0
INFO 2022-01-07 22:56:37,309 "GET / HTTP/1.1" 200 9298
INFO 2022-01-07 22:56:37,340 "GET /static/plugins/Datatables/datatables.min.css HTTP/1.1" 200 25807
INFO 2022-01-07 22:56:37,368 "GET /static/plugins/Datatables/datatables.min.js HTTP/1.1" 200 2042927
INFO 2022-01-07 22:56:37,421 "GET /static/plugins/fontawesome-free/webfonts/fa-regular-400.woff2 HTTP/1.1" 200 13584
INFO 2022-01-07 22:56:47,884 "GET /site-config HTTP/1.1" 200 10873
INFO 2022-01-07 22:56:53,969 "GET /session/list/ HTTP/1.1" 200 11949
INFO 2022-01-07 22:57:06,893 "POST /session/create/ HTTP/1.1" 302 0
INFO 2022-01-07 22:57:07,036 "GET /session/list/ HTTP/1.1" 200 12437
INFO 2022-01-07 22:57:14,603 "GET /term/list/ HTTP/1.1" 200 12239
INFO 2022-01-07 22:57:19,260 "GET /subject/list/ HTTP/1.1" 200 11405
INFO 2022-01-07 22:57:33,069 "POST /subject/create/ HTTP/1.1" 302 0
INFO 2022-01-07 22:57:33,219 "GET /subject/list/ HTTP/1.1" 200 11835
INFO 2022-01-07 22:57:42,411 "POST /subject/create/ HTTP/1.1" 302 0
INFO 2022-01-07 22:57:42,544 "GET /subject/list/ HTTP/1.1" 200 12122
INFO 2022-01-07 22:57:45,487 "GET /subject/4/delete/ HTTP/1.1" 200 9997
INFO 2022-01-07 22:57:47,136 "POST /subject/4/delete/ HTTP/1.1" 302 0
INFO 2022-01-07 22:57:47,253 "GET /subject/list/ HTTP/1.1" 200 11873
INFO 2022-01-07 22:57:54,361 "GET /class/list/ HTTP/1.1" 200 11418
INFO 2022-01-07 22:58:10,004 "POST /class/create/ HTTP/1.1" 302 0
INFO 2022-01-07 22:58:10,120 "GET /class/list/ HTTP/1.1" 200 11844
INFO 2022-01-07 22:58:21,478 "GET /student/list HTTP/1.1" 200 9954
INFO 2022-01-07 22:58:25,570 "GET /student/create/ HTTP/1.1" 200 13660
INFO 2022-01-07 22:59:46,572 "POST /student/create/ HTTP/1.1" 302 0
INFO 2022-01-07 22:59:46,732 "GET /student/1/ HTTP/1.1" 200 11314
INFO 2022-01-07 22:59:46,757 "GET /static/plugins/fontawesome-free/css/all.min.css HTTP/1.1" 304 0
INFO 2022-01-07 22:59:46,758 "GET /static/plugins/toastr/toastr.min.css HTTP/1.1" 304 0
INFO 2022-01-07 22:59:46,758 "GET /static/plugins/overlayScrollbars/css/OverlayScrollbars.min.css HTTP/1.1" 304 0
INFO 2022-01-07 22:59:46,759 "GET /static/plugins/Datatables/datatables.min.css HTTP/1.1" 304 0
INFO 2022-01-07 22:59:46,759 "GET /static/dist/css/adminlte.min.css HTTP/1.1" 304 0
INFO 2022-01-07 22:59:46,760 "GET /static/plugins/jquery/jquery.min.js HTTP/1.1" 304 0
INFO 2022-01-07 22:59:46,767 "GET /static/dist/js/demo.js HTTP/1.1" 304 0
INFO 2022-01-07 22:59:46,767 "GET /static/plugins/toastr/toastr.min.js HTTP/1.1" 304 0
INFO 2022-01-07 22:59:46,768 "GET /static/dist/js/jquery.formset.js HTTP/1.1" 304 0
INFO 2022-01-07 22:59:46,768 "GET /static/plugins/bootstrap/js/bootstrap.bundle.min.js HTTP/1.1" 304 0
INFO 2022-01-07 22:59:46,769 "GET /static/plugins/overlayScrollbars/js/jquery.overlayScrollbars.min.js HTTP/1.1" 304 0
INFO 2022-01-07 22:59:46,769 "GET /static/dist/js/adminlte.js HTTP/1.1" 304 0
INFO 2022-01-07 22:59:46,776 "GET /static/plugins/Datatables/datatables.min.js HTTP/1.1" 304 0
INFO 2022-01-07 22:59:46,889 "GET /media/students/passports/projectworlds.png HTTP/1.1" 200 13585
INFO 2022-01-07 23:00:00,782 "GET /student/1/update/ HTTP/1.1" 200 13963
INFO 2022-01-07 23:00:04,922 "GET /student/list HTTP/1.1" 200 9954
INFO 2022-01-07 23:00:06,989 "GET /student/upload/ HTTP/1.1" 200 10009
INFO 2022-01-07 23:00:14,256 "GET /student/download-csv/ HTTP/1.1" 200 94
INFO 2022-01-07 23:02:33,819 "POST /student/upload/ HTTP/1.1" 302 0
INFO 2022-01-07 23:02:34,036 "GET /student/list HTTP/1.1" 200 10099
INFO 2022-01-07 23:02:39,461 "GET /student/list HTTP/1.1" 200 9954
INFO 2022-01-07 23:02:39,751 "GET /static/plugins/toastr/toastr.min.css HTTP/1.1" 304 0
INFO 2022-01-07 23:02:39,752 "GET /static/plugins/fontawesome-free/css/all.min.css HTTP/1.1" 304 0
INFO 2022-01-07 23:02:39,759 "GET /static/plugins/Datatables/datatables.min.css HTTP/1.1" 304 0
INFO 2022-01-07 23:02:39,759 "GET /static/plugins/overlayScrollbars/css/OverlayScrollbars.min.css HTTP/1.1" 304 0
INFO 2022-01-07 23:02:39,775 "GET /static/dist/css/adminlte.min.css HTTP/1.1" 304 0
INFO 2022-01-07 23:02:39,778 "GET /static/plugins/jquery/jquery.min.js HTTP/1.1" 304 0
INFO 2022-01-07 23:02:39,782 "GET /static/plugins/bootstrap/js/bootstrap.bundle.min.js HTTP/1.1" 304 0
INFO 2022-01-07 23:02:39,783 "GET /static/plugins/toastr/toastr.min.js HTTP/1.1" 304 0
INFO 2022-01-07 23:02:39,784 "GET /static/dist/js/jquery.formset.js HTTP/1.1" 304 0
INFO 2022-01-07 23:02:39,789 "GET /static/plugins/overlayScrollbars/js/jquery.overlayScrollbars.min.js HTTP/1.1" 304 0
INFO 2022-01-07 23:02:39,793 "GET /static/dist/js/adminlte.js HTTP/1.1" 304 0
INFO 2022-01-07 23:02:39,795 "GET /static/dist/js/demo.js HTTP/1.1" 304 0
INFO 2022-01-07 23:02:39,795 "GET /static/plugins/Datatables/datatables.min.js HTTP/1.1" 304 0
INFO 2022-01-07 23:02:49,228 "GET /student/create/ HTTP/1.1" 200 13695
INFO 2022-01-07 23:03:24,013 "POST /student/create/ HTTP/1.1" 200 13887
INFO 2022-01-07 23:03:30,756 "POST /student/create/ HTTP/1.1" 302 0
INFO 2022-01-07 23:03:31,004 "GET /student/3/ HTTP/1.1" 200 11297
INFO 2022-01-07 23:03:31,095 "GET /static/dist/img/avatar.png HTTP/1.1" 200 8543
INFO 2022-01-07 23:03:34,773 "GET /student/3/update/ HTTP/1.1" 200 13766
INFO 2022-01-07 23:03:42,330 "POST /student/3/update/ HTTP/1.1" 302 0
INFO 2022-01-07 23:03:42,764 "GET /student/3/ HTTP/1.1" 200 11298
INFO 2022-01-07 23:03:46,159 "GET /student/list HTTP/1.1" 200 9954
INFO 2022-01-07 23:05:04,576 "GET /student/list HTTP/1.1" 200 9954
INFO 2022-01-07 23:05:08,969 "GET / HTTP/1.1" 200 9298
INFO 2022-01-07 23:05:15,950 "GET /finance/list/ HTTP/1.1" 200 9933
INFO 2022-01-07 23:05:19,684 "GET /finance/create/ HTTP/1.1" 200 13686
INFO 2022-01-07 23:06:47,475 "POST /finance/create/ HTTP/1.1" 302 0
INFO 2022-01-07 23:06:47,633 "GET /finance/list HTTP/1.1" 301 0
INFO 2022-01-07 23:06:47,799 "GET /finance/list/ HTTP/1.1" 200 10353
INFO 2022-01-07 23:06:47,845 "GET /static/plugins/fontawesome-free/css/all.min.css HTTP/1.1" 304 0
INFO 2022-01-07 23:06:47,848 "GET /static/plugins/overlayScrollbars/css/OverlayScrollbars.min.css HTTP/1.1" 304 0
INFO 2022-01-07 23:06:47,849 "GET /static/plugins/toastr/toastr.min.css HTTP/1.1" 304 0
INFO 2022-01-07 23:06:47,857 "GET /static/plugins/Datatables/datatables.min.css HTTP/1.1" 304 0
INFO 2022-01-07 23:06:47,858 "GET /static/dist/css/adminlte.min.css HTTP/1.1" 304 0
INFO 2022-01-07 23:06:47,863 "GET /static/plugins/jquery/jquery.min.js HTTP/1.1" 304 0
INFO 2022-01-07 23:06:47,866 "GET /static/dist/js/jquery.formset.js HTTP/1.1" 304 0
INFO 2022-01-07 23:06:47,871 "GET /static/plugins/bootstrap/js/bootstrap.bundle.min.js HTTP/1.1" 304 0
INFO 2022-01-07 23:06:47,872 "GET /static/plugins/toastr/toastr.min.js HTTP/1.1" 304 0
INFO 2022-01-07 23:06:47,872 "GET /static/plugins/overlayScrollbars/js/jquery.overlayScrollbars.min.js HTTP/1.1" 304 0
INFO 2022-01-07 23:06:47,873 "GET /static/dist/js/demo.js HTTP/1.1" 304 0
INFO 2022-01-07 23:06:47,874 "GET /static/dist/js/adminlte.js HTTP/1.1" 304 0
INFO 2022-01-07 23:06:47,877 "GET /static/plugins/Datatables/datatables.min.js HTTP/1.1" 304 0
INFO 2022-01-07 23:06:55,626 "GET /finance/create/ HTTP/1.1" 200 13686
INFO 2022-01-07 23:06:59,977 "GET /finance/list/ HTTP/1.1" 200 10353
INFO 2022-01-07 23:07:04,048 - Broken pipe from ('127.0.0.1', 55028)

INFO 2022-01-07 23:07:04,220 "GET /finance/receipt/create?invoice=1 HTTP/1.1" 200 10851
INFO 2022-01-07 23:07:18,913 "POST /finance/receipt/create?invoice=1 HTTP/1.1" 302 0
INFO 2022-01-07 23:07:19,205 "GET /finance/list/ HTTP/1.1" 200 10355
INFO 2022-01-07 23:07:26,524 "GET /staff/list/ HTTP/1.1" 200 9695
INFO 2022-01-07 23:07:31,146 "GET /staff/create/ HTTP/1.1" 200 12608
INFO 2022-01-07 23:07:40,463 "GET /result/view/all HTTP/1.1" 200 8842
INFO 2022-01-07 23:07:48,213 "GET /result/create/ HTTP/1.1" 200 10923
INFO 2022-01-07 23:07:59,394 "POST /result/create/ HTTP/1.1" 200 11146
INFO 2022-01-07 23:08:10,904 "POST /result/create/ HTTP/1.1" 302 0
INFO 2022-01-07 23:08:11,417 "GET /result/edit-results/ HTTP/1.1" 200 12057
INFO 2022-01-07 23:08:44,225 "POST /result/edit-results/ HTTP/1.1" 302 0
INFO 2022-01-07 23:08:44,681 "GET /result/edit-results/ HTTP/1.1" 200 12212
INFO 2022-01-07 23:08:52,092 "GET /result/view/all HTTP/1.1" 200 10295
INFO 2022-01-07 23:09:01,934 "GET /result/create/ HTTP/1.1" 200 10923
INFO 2022-01-07 23:09:09,356 "GET /result/view/all HTTP/1.1" 200 10295
INFO 2022-01-07 23:09:14,933 "GET /result/edit-results/ HTTP/1.1" 200 12069
INFO 2022-01-07 23:09:25,474 "POST /result/edit-results/ HTTP/1.1" 302 0
INFO 2022-01-07 23:09:26,075 "GET /result/edit-results/ HTTP/1.1" 200 12212
INFO 2022-01-07 23:09:30,424 "GET /result/view/all HTTP/1.1" 200 10295
INFO 2022-01-07 23:09:39,427 "GET / HTTP/1.1" 200 9298
INFO 2022-01-07 23:09:46,083 "GET /finance/list/ HTTP/1.1" 200 10355
INFO 2022-01-07 23:09:51,257 "GET /finance/1/detail/ HTTP/1.1" 200 11415
INFO 2024-02-06 15:54:17,468 Watching for file changes with StatReloader
INFO 2024-02-06 15:54:20,897 "GET / HTTP/1.1" 302 0
INFO 2024-02-06 15:54:21,131 "GET /accounts/login/?next=/ HTTP/1.1" 200 3989
INFO 2024-02-06 15:54:21,213 "GET /static/plugins/fontawesome-free/css/all.min.css HTTP/1.1" 304 0
INFO 2024-02-06 15:54:21,231 "GET /static/plugins/overlayScrollbars/css/OverlayScrollbars.min.css HTTP/1.1" 304 0
INFO 2024-02-06 15:54:21,232 "GET /static/plugins/toastr/toastr.min.css HTTP/1.1" 304 0
INFO 2024-02-06 15:54:21,236 "GET /static/plugins/jquery/jquery.min.js HTTP/1.1" 304 0
INFO 2024-02-06 15:54:21,238 "GET /static/dist/css/login-page.css HTTP/1.1" 304 0
INFO 2024-02-06 15:54:21,240 "GET /static/dist/css/adminlte.min.css HTTP/1.1" 304 0
INFO 2024-02-06 15:54:21,250 "GET /static/plugins/toastr/toastr.min.js HTTP/1.1" 304 0
INFO 2024-02-06 15:54:21,250 "GET /static/dist/img/login.png HTTP/1.1" 304 0
INFO 2024-02-06 15:54:21,250 "GET /static/dist/js/jquery.formset.js HTTP/1.1" 304 0
INFO 2024-02-06 15:54:21,250 "GET /static/plugins/bootstrap/js/bootstrap.bundle.min.js HTTP/1.1" 304 0
INFO 2024-02-06 15:54:21,252 "GET /static/plugins/overlayScrollbars/js/jquery.overlayScrollbars.min.js HTTP/1.1" 304 0
INFO 2024-02-06 15:54:21,259 "GET /static/dist/js/adminlte.js HTTP/1.1" 304 0
INFO 2024-02-06 15:54:21,259 "GET /static/dist/js/demo.js HTTP/1.1" 304 0
INFO 2024-02-06 15:54:21,333 "GET /static/plugins/fontawesome-free/webfonts/fa-solid-900.woff2 HTTP/1.1" 304 0
INFO 2024-02-06 15:54:38,127 "POST /accounts/login/ HTTP/1.1" 200 4114
INFO 2024-02-11 14:36:58,749 Watching for file changes with StatReloader
INFO 2024-02-11 14:37:02,455 "GET / HTTP/1.1" 302 0
INFO 2024-02-11 14:37:02,541 "GET /accounts/login/?next=/ HTTP/1.1" 200 3989
INFO 2024-02-11 14:37:02,615 "GET /static/plugins/fontawesome-free/css/all.min.css HTTP/1.1" 304 0
INFO 2024-02-11 14:37:02,617 "GET /static/plugins/toastr/toastr.min.css HTTP/1.1" 304 0
INFO 2024-02-11 14:37:02,627 "GET /static/plugins/overlayScrollbars/css/OverlayScrollbars.min.css HTTP/1.1" 304 0
INFO 2024-02-11 14:37:02,629 "GET /static/plugins/jquery/jquery.min.js HTTP/1.1" 304 0
INFO 2024-02-11 14:37:02,629 "GET /static/dist/css/login-page.css HTTP/1.1" 304 0
INFO 2024-02-11 14:37:02,631 "GET /static/dist/css/adminlte.min.css HTTP/1.1" 304 0
INFO 2024-02-11 14:37:02,639 "GET /static/dist/img/login.png HTTP/1.1" 304 0
INFO 2024-02-11 14:37:02,639 "GET /static/plugins/overlayScrollbars/js/jquery.overlayScrollbars.min.js HTTP/1.1" 304 0
INFO 2024-02-11 14:37:02,640 "GET /static/plugins/toastr/toastr.min.js HTTP/1.1" 304 0
INFO 2024-02-11 14:37:02,640 "GET /static/plugins/bootstrap/js/bootstrap.bundle.min.js HTTP/1.1" 304 0
INFO 2024-02-11 14:37:02,640 "GET /static/dist/js/jquery.formset.js HTTP/1.1" 304 0
INFO 2024-02-11 14:37:02,648 "GET /static/dist/js/adminlte.js HTTP/1.1" 304 0
INFO 2024-02-11 14:37:02,657 "GET /static/dist/js/demo.js HTTP/1.1" 304 0
INFO 2024-02-11 14:37:02,863 "GET /static/plugins/fontawesome-free/webfonts/fa-solid-900.woff2 HTTP/1.1" 304 0
INFO 2024-02-11 14:37:22,774 "POST /accounts/login/ HTTP/1.1" 200 4114
INFO 2024-02-11 14:37:33,739 "POST /accounts/login/ HTTP/1.1" 200 4114
INFO 2024-02-11 14:37:44,093 "POST /accounts/login/ HTTP/1.1" 200 4114
INFO 2024-02-11 14:39:50,834 Watching for file changes with StatReloader
INFO 2024-02-11 14:39:55,950 "GET / HTTP/1.1" 302 0
INFO 2024-02-11 14:39:56,010 "GET /accounts/login/?next=/ HTTP/1.1" 200 3989
INFO 2024-02-11 14:40:09,187 "POST /accounts/login/ HTTP/1.1" 302 0
INFO 2024-02-11 14:40:09,272 "GET / HTTP/1.1" 200 9298
INFO 2024-02-11 14:40:09,301 "GET /static/plugins/Datatables/datatables.min.js HTTP/1.1" 304 0
INFO 2024-02-11 14:40:09,304 "GET /static/plugins/Datatables/datatables.min.css HTTP/1.1" 304 0
INFO 2024-02-11 14:40:09,396 "GET /static/plugins/fontawesome-free/webfonts/fa-regular-400.woff2 HTTP/1.1" 304 0
INFO 2024-02-11 14:55:47,179 Watching for file changes with StatReloader
INFO 2024-02-11 14:55:50,052 "GET / HTTP/1.1" 302 0
INFO 2024-02-11 14:55:50,134 "GET /accounts/login/?next=/ HTTP/1.1" 200 3989
INFO 2024-02-11 14:56:00,464 "POST /accounts/login/ HTTP/1.1" 302 0
INFO 2024-02-11 14:56:00,555 "GET / HTTP/1.1" 200 9298
INFO 2024-02-11 15:03:28,215 Watching for file changes with StatReloader
INFO 2024-02-11 15:03:32,445 "GET / HTTP/1.1" 200 9298
INFO 2024-02-11 15:04:35,088 "GET /site-config HTTP/1.1" 200 10873
INFO 2024-02-11 15:04:47,635 "GET /session/list/ HTTP/1.1" 200 12292
INFO 2024-02-11 15:05:13,960 "POST /session/create/ HTTP/1.1" 302 0
INFO 2024-02-11 15:05:13,985 "GET /session/list/ HTTP/1.1" 200 12780
INFO 2024-02-11 15:06:12,657 "GET /term/list/ HTTP/1.1" 200 12239
INFO 2024-02-11 15:06:24,830 "GET /term/3/update/ HTTP/1.1" 200 10157
INFO 2024-02-11 15:06:27,528 "POST /term/3/update/ HTTP/1.1" 302 0
INFO 2024-02-11 15:06:27,549 "GET /term/list/ HTTP/1.1" 200 12380
INFO 2024-02-11 15:06:35,140 "GET /subject/list/ HTTP/1.1" 200 11690
INFO 2024-02-11 15:07:04,010 "POST /subject/create/ HTTP/1.1" 302 0
INFO 2024-02-11 15:07:04,032 "GET /subject/list/ HTTP/1.1" 200 12122
INFO 2024-02-11 15:07:17,999 "GET /subject/5/update/ HTTP/1.1" 200 9836
INFO 2024-02-11 15:07:26,785 "GET /class/list/ HTTP/1.1" 200 11979
INFO 2024-02-11 15:07:31,172 "GET /class/2/delete/ HTTP/1.1" 200 9989
INFO 2024-02-11 15:07:33,473 "POST /class/2/delete/ HTTP/1.1" 302 0
INFO 2024-02-11 15:07:33,503 "GET /class/list/ HTTP/1.1" 200 11700
INFO 2024-02-11 15:07:34,976 "GET /class/1/delete/ HTTP/1.1" 200 9989
INFO 2024-02-11 15:07:36,299 "POST /class/1/delete/ HTTP/1.1" 302 0
INFO 2024-02-11 15:07:36,320 "GET /class/list/ HTTP/1.1" 200 11421
INFO 2024-02-11 15:07:38,463 "GET /class/3/delete/ HTTP/1.1" 200 9997
INFO 2024-02-11 15:07:39,463 "POST /class/3/delete/ HTTP/1.1" 302 0
INFO 2024-02-11 15:07:39,485 "GET /class/list/ HTTP/1.1" 200 11138
INFO 2024-02-11 15:07:41,964 "GET /class/4/delete/ HTTP/1.1" 200 9987
INFO 2024-02-11 15:07:43,674 "POST /class/4/delete/ HTTP/1.1" 302 0
INFO 2024-02-11 15:07:43,693 "GET /class/list/ HTTP/1.1" 200 10860
INFO 2024-02-11 15:07:46,951 "GET /session/list/ HTTP/1.1" 200 12635
INFO 2024-02-11 15:07:48,788 "GET /session/4/delete/ HTTP/1.1" 200 9997
INFO 2024-02-11 15:07:57,194 "GET /session/2/delete/ HTTP/1.1" 200 9997
INFO 2024-02-11 15:08:02,815 "GET /session/1/delete/ HTTP/1.1" 200 9997
INFO 2024-02-11 15:08:04,179 "POST /session/1/delete/ HTTP/1.1" 302 0
INFO 2024-02-11 15:08:04,200 "GET /session/list/ HTTP/1.1" 200 12292
INFO 2024-02-11 15:08:50,724 "POST /session/create/ HTTP/1.1" 302 0
INFO 2024-02-11 15:08:50,751 "GET /session/list/ HTTP/1.1" 200 12780
INFO 2024-02-11 15:08:55,608 "GET /term/list/ HTTP/1.1" 200 12239
INFO 2024-02-11 15:09:02,229 "GET /term/1/update/ HTTP/1.1" 200 10157
INFO 2024-02-11 15:09:03,973 "POST /term/1/update/ HTTP/1.1" 302 0
INFO 2024-02-11 15:09:03,993 "GET /term/list/ HTTP/1.1" 200 12380
INFO 2024-02-11 15:09:07,871 "GET /subject/list/ HTTP/1.1" 200 11977
INFO 2024-02-11 15:09:17,968 "GET /subject/5/update/ HTTP/1.1" 200 9836
INFO 2024-02-11 15:09:28,181 "POST /subject/5/update/ HTTP/1.1" 302 0
INFO 2024-02-11 15:09:28,206 "GET /subject/list/ HTTP/1.1" 200 12119
INFO 2024-02-11 15:09:32,177 "GET /subject/3/update/ HTTP/1.1" 200 9834
INFO 2024-02-11 15:09:41,215 "POST /subject/3/update/ HTTP/1.1" 302 0
INFO 2024-02-11 15:09:41,245 "GET /subject/list/ HTTP/1.1" 200 12119
INFO 2024-02-11 15:09:45,624 "GET /class/list/ HTTP/1.1" 200 10860
INFO 2024-02-11 15:10:06,912 "POST /class/create/ HTTP/1.1" 302 0
INFO 2024-02-11 15:10:06,937 "GET /class/list/ HTTP/1.1" 200 11280
INFO 2024-02-11 15:10:13,811 "POST /class/create/ HTTP/1.1" 302 0
INFO 2024-02-11 15:10:13,831 "GET /class/list/ HTTP/1.1" 200 11558
INFO 2024-02-11 15:10:17,956 "GET /class/6/update/ HTTP/1.1" 200 9831
INFO 2024-02-11 15:10:20,667 "POST /class/6/update/ HTTP/1.1" 302 0
INFO 2024-02-11 15:10:20,686 "GET /class/list/ HTTP/1.1" 200 11557
INFO 2024-02-11 15:10:37,870 "GET /student/list HTTP/1.1" 200 9954
INFO 2024-02-11 15:10:44,131 "GET /student/create/ HTTP/1.1" 200 13617
INFO 2024-02-11 15:14:46,380 "POST /student/create/ HTTP/1.1" 302 0
INFO 2024-02-11 15:14:46,422 "GET /student/4/ HTTP/1.1" 200 11325
INFO 2024-02-11 15:14:46,596 "GET /media/students/passports/IMG_20210629_182054.jpg HTTP/1.1" 200 301285
INFO 2024-02-11 15:15:12,774 "GET /student/4/update/ HTTP/1.1" 200 13941
INFO 2024-02-11 15:15:18,225 "GET /student/4/ HTTP/1.1" 200 11179
INFO 2024-02-11 15:15:35,736 "GET /student/create/ HTTP/1.1" 200 13617
INFO 2024-02-11 15:15:40,721 "GET /student/list HTTP/1.1" 200 9954
INFO 2024-02-11 15:16:04,238 "GET /student/upload/ HTTP/1.1" 200 10009
INFO 2024-02-11 15:16:16,527 "GET /student/download-csv/ HTTP/1.1" 200 94
INFO 2024-02-11 15:16:54,535 "GET /student/download-csv/ HTTP/1.1" 200 94
INFO 2024-02-11 15:22:54,525 "POST /student/upload/ HTTP/1.1" 302 0
INFO 2024-02-11 15:22:54,552 "GET /student/list HTTP/1.1" 200 10099
INFO 2024-02-11 15:23:13,485 "GET /student/list HTTP/1.1" 200 9954
INFO 2024-02-11 15:24:13,134 "GET /staff/list/ HTTP/1.1" 200 9695
INFO 2024-02-11 15:24:17,553 "GET /student/list HTTP/1.1" 200 9954
INFO 2024-02-11 15:24:56,891 "GET / HTTP/1.1" 200 9298
INFO 2024-02-11 16:17:05,311 Watching for file changes with StatReloader
INFO 2024-02-11 16:17:08,094 "GET / HTTP/1.1" 200 9298
INFO 2024-02-11 16:17:40,996 "GET / HTTP/1.1" 200 9298
INFO 2024-02-11 16:18:04,412 "GET / HTTP/1.1" 200 9298
WARNING 2024-02-11 16:18:09,353 Not Found: /admin/
WARNING 2024-02-11 16:18:09,353 "GET /admin/ HTTP/1.1" 404 6187
INFO 2024-02-11 16:18:21,440 "GET /student/list HTTP/1.1" 200 9954
INFO 2024-02-11 16:27:21,775 "GET /finance/list/ HTTP/1.1" 200 9933
INFO 2024-02-11 16:27:24,972 "GET /finance/create/ HTTP/1.1" 200 13746
INFO 2024-02-11 16:28:34,222 "POST /finance/create/ HTTP/1.1" 302 0
INFO 2024-02-11 16:28:34,248 "GET /finance/list HTTP/1.1" 301 0
INFO 2024-02-11 16:28:34,283 "GET /finance/list/ HTTP/1.1" 200 10353
INFO 2024-02-11 16:29:05,153 "GET /finance/receipt/create?invoice=2 HTTP/1.1" 200 10846
INFO 2024-02-11 16:29:48,821 "GET /finance/receipt/create?invoice=2 HTTP/1.1" 200 10846
INFO 2024-02-11 16:30:18,515 "POST /finance/receipt/create?invoice=2 HTTP/1.1" 302 0
INFO 2024-02-11 16:30:18,542 "GET /finance/list/ HTTP/1.1" 200 10355
INFO 2024-02-11 16:30:47,265 "GET /result/view/all HTTP/1.1" 200 8842
INFO 2024-02-11 16:30:51,545 "GET /result/create/ HTTP/1.1" 200 11259
INFO 2024-02-11 16:31:11,633 "POST /result/create/ HTTP/1.1" 200 11349
INFO 2024-02-11 16:31:22,486 "POST /result/create/ HTTP/1.1" 302 0
INFO 2024-02-11 16:31:22,551 "GET /result/edit-results/ HTTP/1.1" 200 12684
INFO 2024-02-11 16:32:49,840 "POST /result/edit-results/ HTTP/1.1" 302 0
INFO 2024-02-11 16:32:49,876 "GET /result/edit-results/ HTTP/1.1" 200 12841
INFO 2024-02-11 16:33:00,861 "GET /result/view/all HTTP/1.1" 200 10520
INFO 2024-02-11 16:33:19,240 "GET /result/create/ HTTP/1.1" 200 11259
INFO 2024-02-11 16:34:01,877 "GET /finance/list/ HTTP/1.1" 200 10355
INFO 2024-02-11 16:34:03,289 "GET /finance/receipt/create?invoice=2 HTTP/1.1" 200 10848
INFO 2024-02-11 16:34:03,299 - Broken pipe from ('127.0.0.1', 52684)
INFO 2024-02-11 16:35:10,793 "GET /finance/2/detail/ HTTP/1.1" 200 11411
INFO 2024-02-11 16:38:57,122 "GET /result/create/ HTTP/1.1" 200 11259
INFO 2024-02-11 16:39:00,200 "GET /finance/list/ HTTP/1.1" 200 10355
INFO 2024-02-11 16:39:04,491 "GET /finance/create/ HTTP/1.1" 200 13746
INFO 2024-02-11 16:39:41,665 "POST /finance/create/ HTTP/1.1" 302 0
INFO 2024-02-11 16:39:41,687 "GET /finance/list HTTP/1.1" 301 0
INFO 2024-02-11 16:39:41,714 "GET /finance/list/ HTTP/1.1" 200 10777
INFO 2024-02-11 16:39:47,505 "GET /finance/3/detail/ HTTP/1.1" 200 11183
INFO 2024-02-11 16:39:56,215 - Broken pipe from ('127.0.0.1', 52707)
INFO 2024-02-11 16:39:56,233 "GET /finance/receipt/create?invoice=3 HTTP/1.1" 200 10848
INFO 2024-02-11 16:40:01,906 - Broken pipe from ('127.0.0.1', 52709)
INFO 2024-02-11 16:40:01,936 "GET /finance/receipt/create?invoice=3 HTTP/1.1" 200 10848
INFO 2024-02-11 16:40:24,470 "POST /finance/receipt/create?invoice=3 HTTP/1.1" 302 0
INFO 2024-02-11 16:40:24,502 "GET /finance/list/ HTTP/1.1" 200 10779
INFO 2024-02-11 16:40:31,913 "GET /result/create/ HTTP/1.1" 200 11259
INFO 2024-02-11 16:40:35,763 "POST /result/create/ HTTP/1.1" 200 11349
INFO 2024-02-11 16:40:40,769 "POST /result/create/ HTTP/1.1" 302 0
INFO 2024-02-11 16:40:40,819 "GET /result/edit-results/ HTTP/1.1" 200 15280
INFO 2024-02-11 16:40:48,294 "GET /result/create/ HTTP/1.1" 200 11259
INFO 2024-02-11 16:40:55,909 "GET /student/list HTTP/1.1" 200 9954
INFO 2024-02-11 16:41:10,891 "GET /result/create/ HTTP/1.1" 200 11259
INFO 2024-02-11 16:41:19,839 "POST /result/create/ HTTP/1.1" 200 11349
INFO 2024-02-11 16:41:21,652 "GET /result/view/all HTTP/1.1" 200 12168
INFO 2024-02-11 16:41:28,327 "GET /result/create/ HTTP/1.1" 200 11259
INFO 2024-02-11 16:41:31,543 "POST /result/create/ HTTP/1.1" 200 11349
INFO 2024-02-11 16:41:38,311 "POST /result/create/ HTTP/1.1" 302 0
INFO 2024-02-11 16:41:38,356 "GET /result/edit-results/ HTTP/1.1" 200 15280
INFO 2024-02-11 16:42:10,910 "POST /result/edit-results/ HTTP/1.1" 302 0
INFO 2024-02-11 16:42:10,966 "GET /result/edit-results/ HTTP/1.1" 200 15436
INFO 2024-02-11 16:42:13,913 "GET /result/view/all HTTP/1.1" 200 12199
INFO 2024-02-11 16:42:19,882 "GET /result/edit-results/ HTTP/1.1" 200 15293
INFO 2024-02-11 16:42:25,125 "GET /result/view/all HTTP/1.1" 200 12199
INFO 2024-02-11 16:43:50,920 "GET /student/list HTTP/1.1" 200 9954
INFO 2024-02-11 16:43:52,825 "GET /student/create/ HTTP/1.1" 200 13617
INFO 2024-02-11 16:43:57,616 "GET /finance/list/ HTTP/1.1" 200 10779
INFO 2024-02-11 16:44:02,154 "GET /finance/create/ HTTP/1.1" 200 13746
INFO 2024-02-11 16:44:09,388 "GET /result/create/ HTTP/1.1" 200 11259
INFO 2024-02-11 16:44:09,970 "GET /result/edit-results/ HTTP/1.1" 200 15293
INFO 2024-02-11 16:44:10,465 "GET /result/view/all HTTP/1.1" 200 12199
